ERROR - 2023-11-29 07:24:31 --> Email: sendWithSmtp throwed ErrorException: fsockopen(): php_network_getaddresses: getaddrinfo for sandbox.smtp.mailtrap.io failed: No such host is known.  in C:\xampp\htdocs\ci4\system\Email\Email.php:1877
Stack trace:
#0 [internal function]: CodeIgniter\Debug\Exceptions->errorHandler(2, 'fsockopen(): ph...', 'C:\\xampp\\htdocs...', 1877)
#1 C:\xampp\htdocs\ci4\system\Email\Email.php(1877): fsockopen('sandbox.smtp.ma...', 587, NULL, NULL, 5)
#2 C:\xampp\htdocs\ci4\system\Email\Email.php(1794): CodeIgniter\Email\Email->SMTPConnect()
#3 C:\xampp\htdocs\ci4\system\Email\Email.php(1679): CodeIgniter\Email\Email->sendWithSmtp()
#4 C:\xampp\htdocs\ci4\system\Email\Email.php(1573): CodeIgniter\Email\Email->spoolEmail()
#5 C:\xampp\htdocs\ci4\app\Controllers\Home.php(32): CodeIgniter\Email\Email->send()
#6 C:\xampp\htdocs\ci4\app\Controllers\Home.php(9): App\Controllers\Home->sendTestEmail()
#7 C:\xampp\htdocs\ci4\system\CodeIgniter.php(915): App\Controllers\Home->index()
#8 C:\xampp\htdocs\ci4\system\CodeIgniter.php(492): CodeIgniter\CodeIgniter->runController(Object(App\Controllers\Home))
#9 C:\xampp\htdocs\ci4\system\CodeIgniter.php(353): CodeIgniter\CodeIgniter->handleRequest(NULL, Object(Config\Cache), false)
#10 C:\xampp\htdocs\ci4\index.php(79): CodeIgniter\CodeIgniter->run()
#11 {main}
ERROR - 2023-11-29 07:24:31 --> Email: Unable to send email using SMTP. Your server might not be configured to send mail using this method.
ERROR - 2023-11-29 07:24:31 --> 
INFO - 2023-11-29 07:24:31 --> Session: Class initialized using 'CodeIgniter\Session\Handlers\FileHandler' driver.
INFO - 2023-11-29 07:24:35 --> Session: Class initialized using 'CodeIgniter\Session\Handlers\FileHandler' driver.
INFO - 2023-11-29 07:24:37 --> Session: Class initialized using 'CodeIgniter\Session\Handlers\FileHandler' driver.
INFO - 2023-11-29 07:24:38 --> Session: Class initialized using 'CodeIgniter\Session\Handlers\FileHandler' driver.
ERROR - 2023-11-29 07:51:02 --> Email: Unable to send email using SMTP. Your server might not be configured to send mail using this method.
ERROR - 2023-11-29 07:51:02 --> 220 smtp.mailtrap.io ESMTP ready

hello: 250-smtp.mailtrap.io
250-SIZE 5242880
250-PIPELINING
250-ENHANCEDSTATUSCODES
250-8BITMIME
250-DSN
250-AUTH PLAIN LOGIN CRAM-MD5
250 STARTTLS

starttls: 220 2.0.0 Start TLS

hello: 250-smtp.mailtrap.io
250-SIZE 5242880
250-PIPELINING
250-ENHANCEDSTATUSCODES
250-8BITMIME
250-DSN
250 AUTH PLAIN LOGIN CRAM-MD5

Failed to authenticate password. Error: 535 5.7.0 Invalid credentials

INFO - 2023-11-29 07:51:02 --> Session: Class initialized using 'CodeIgniter\Session\Handlers\FileHandler' driver.
INFO - 2023-11-29 07:51:03 --> Session: Class initialized using 'CodeIgniter\Session\Handlers\FileHandler' driver.
