CRITICAL - 2023-10-10 07:29:08 --> Undefined variable $title
in APPPATH\Views\header.php on line 6.
 1 APPPATH\Views\header.php(6): CodeIgniter\Debug\Exceptions->errorHandler(2, 'Undefined variable $title', 'C:\\xampp\\htdocs\\ci4\\app\\Views\\header.php', 6)
 2 SYSTEMPATH\View\View.php(226): include('C:\\xampp\\htdocs\\ci4\\app\\Views\\header.php')
 3 SYSTEMPATH\View\View.php(229): CodeIgniter\View\View->CodeIgniter\View\{closure}()
 4 SYSTEMPATH\View\View.php(467): CodeIgniter\View\View->render('header', null, true)
 5 APPPATH\Views\Articles\index.php(1): CodeIgniter\View\View->include('header')
 6 SYSTEMPATH\View\View.php(226): include('C:\\xampp\\htdocs\\ci4\\app\\Views\\Articles\\index.php')
 7 SYSTEMPATH\View\View.php(229): CodeIgniter\View\View->CodeIgniter\View\{closure}()
 8 SYSTEMPATH\Common.php(1178): CodeIgniter\View\View->render('Articles/index', [], true)
 9 APPPATH\Controllers\Articles.php(9): view('Articles/index')
10 SYSTEMPATH\CodeIgniter.php(915): App\Controllers\Articles->index()
11 SYSTEMPATH\CodeIgniter.php(492): CodeIgniter\CodeIgniter->runController(Object(App\Controllers\Articles))
12 SYSTEMPATH\CodeIgniter.php(353): CodeIgniter\CodeIgniter->handleRequest(null, Object(Config\Cache), false)
13 FCPATH\index.php(79): CodeIgniter\CodeIgniter->run()
CRITICAL - 2023-10-10 07:29:11 --> Undefined variable $title
in APPPATH\Views\header.php on line 6.
 1 APPPATH\Views\header.php(6): CodeIgniter\Debug\Exceptions->errorHandler(2, 'Undefined variable $title', 'C:\\xampp\\htdocs\\ci4\\app\\Views\\header.php', 6)
 2 SYSTEMPATH\View\View.php(226): include('C:\\xampp\\htdocs\\ci4\\app\\Views\\header.php')
 3 SYSTEMPATH\View\View.php(229): CodeIgniter\View\View->CodeIgniter\View\{closure}()
 4 SYSTEMPATH\View\View.php(467): CodeIgniter\View\View->render('header', null, true)
 5 APPPATH\Views\Articles\index.php(1): CodeIgniter\View\View->include('header')
 6 SYSTEMPATH\View\View.php(226): include('C:\\xampp\\htdocs\\ci4\\app\\Views\\Articles\\index.php')
 7 SYSTEMPATH\View\View.php(229): CodeIgniter\View\View->CodeIgniter\View\{closure}()
 8 SYSTEMPATH\Common.php(1178): CodeIgniter\View\View->render('Articles/index', [], true)
 9 APPPATH\Controllers\Articles.php(9): view('Articles/index')
10 SYSTEMPATH\CodeIgniter.php(915): App\Controllers\Articles->index()
11 SYSTEMPATH\CodeIgniter.php(492): CodeIgniter\CodeIgniter->runController(Object(App\Controllers\Articles))
12 SYSTEMPATH\CodeIgniter.php(353): CodeIgniter\CodeIgniter->handleRequest(null, Object(Config\Cache), false)
13 FCPATH\index.php(79): CodeIgniter\CodeIgniter->run()
CRITICAL - 2023-10-10 08:02:55 --> Undefined variable $article
in APPPATH\Views\Articles\index.php on line 11.
 1 APPPATH\Views\Articles\index.php(11): CodeIgniter\Debug\Exceptions->errorHandler(2, 'Undefined variable $article', 'C:\\xampp\\htdocs\\ci4\\app\\Views\\Articles\\index.php', 11)
 2 SYSTEMPATH\View\View.php(226): include('C:\\xampp\\htdocs\\ci4\\app\\Views\\Articles\\index.php')
 3 SYSTEMPATH\View\View.php(229): CodeIgniter\View\View->CodeIgniter\View\{closure}()
 4 SYSTEMPATH\Common.php(1178): CodeIgniter\View\View->render('Articles/index', [], true)
 5 APPPATH\Controllers\Articles.php(12): view('Articles/index', [...])
 6 SYSTEMPATH\CodeIgniter.php(915): App\Controllers\Articles->index()
 7 SYSTEMPATH\CodeIgniter.php(492): CodeIgniter\CodeIgniter->runController(Object(App\Controllers\Articles))
 8 SYSTEMPATH\CodeIgniter.php(353): CodeIgniter\CodeIgniter->handleRequest(null, Object(Config\Cache), false)
 9 FCPATH\index.php(79): CodeIgniter\CodeIgniter->run()
ERROR - 2023-10-10 08:25:04 --> Error connecting to the database: mysqli_sql_exception: Unknown database 'coe4' in C:\xampp\htdocs\ci4\system\Database\MySQLi\Connection.php:184
Stack trace:
#0 C:\xampp\htdocs\ci4\system\Database\MySQLi\Connection.php(184): mysqli->real_connect('localhost', 'root', Object(SensitiveParameterValue), 'coe4', 3306, '', 0)
#1 C:\xampp\htdocs\ci4\system\Database\BaseConnection.php(391): CodeIgniter\Database\MySQLi\Connection->connect(false)
#2 C:\xampp\htdocs\ci4\system\Database\BaseConnection.php(574): CodeIgniter\Database\BaseConnection->initialize()
#3 C:\xampp\htdocs\ci4\system\Database\BaseConnection.php(1409): CodeIgniter\Database\BaseConnection->query('SHOW TABLES FRO...')
#4 C:\xampp\htdocs\ci4\app\Controllers\Articles.php(10): CodeIgniter\Database\BaseConnection->listTables()
#5 C:\xampp\htdocs\ci4\system\CodeIgniter.php(915): App\Controllers\Articles->index()
#6 C:\xampp\htdocs\ci4\system\CodeIgniter.php(492): CodeIgniter\CodeIgniter->runController(Object(App\Controllers\Articles))
#7 C:\xampp\htdocs\ci4\system\CodeIgniter.php(353): CodeIgniter\CodeIgniter->handleRequest(NULL, Object(Config\Cache), false)
#8 C:\xampp\htdocs\ci4\index.php(79): CodeIgniter\CodeIgniter->run()
#9 {main}

Next CodeIgniter\Database\Exceptions\DatabaseException: Unknown database 'coe4' in C:\xampp\htdocs\ci4\system\Database\MySQLi\Connection.php:229
Stack trace:
#0 C:\xampp\htdocs\ci4\system\Database\BaseConnection.php(391): CodeIgniter\Database\MySQLi\Connection->connect(false)
#1 C:\xampp\htdocs\ci4\system\Database\BaseConnection.php(574): CodeIgniter\Database\BaseConnection->initialize()
#2 C:\xampp\htdocs\ci4\system\Database\BaseConnection.php(1409): CodeIgniter\Database\BaseConnection->query('SHOW TABLES FRO...')
#3 C:\xampp\htdocs\ci4\app\Controllers\Articles.php(10): CodeIgniter\Database\BaseConnection->listTables()
#4 C:\xampp\htdocs\ci4\system\CodeIgniter.php(915): App\Controllers\Articles->index()
#5 C:\xampp\htdocs\ci4\system\CodeIgniter.php(492): CodeIgniter\CodeIgniter->runController(Object(App\Controllers\Articles))
#6 C:\xampp\htdocs\ci4\system\CodeIgniter.php(353): CodeIgniter\CodeIgniter->handleRequest(NULL, Object(Config\Cache), false)
#7 C:\xampp\htdocs\ci4\index.php(79): CodeIgniter\CodeIgniter->run()
#8 {main}
CRITICAL - 2023-10-10 08:25:04 --> Unable to connect to the database.
Main connection [MySQLi]: Unknown database 'coe4'
in SYSTEMPATH\Database\BaseConnection.php on line 427.
 1 SYSTEMPATH\Database\BaseConnection.php(574): CodeIgniter\Database\BaseConnection->initialize()
 2 SYSTEMPATH\Database\BaseConnection.php(1409): CodeIgniter\Database\BaseConnection->query('SHOW TABLES FROM `coe4`')
 3 APPPATH\Controllers\Articles.php(10): CodeIgniter\Database\BaseConnection->listTables()
 4 SYSTEMPATH\CodeIgniter.php(915): App\Controllers\Articles->index()
 5 SYSTEMPATH\CodeIgniter.php(492): CodeIgniter\CodeIgniter->runController(Object(App\Controllers\Articles))
 6 SYSTEMPATH\CodeIgniter.php(353): CodeIgniter\CodeIgniter->handleRequest(null, Object(Config\Cache), false)
 7 FCPATH\index.php(79): CodeIgniter\CodeIgniter->run()
CRITICAL - 2023-10-10 10:21:59 --> Undefined array key "t"
in APPPATH\Views\Articles\index.php on line 11.
 1 APPPATH\Views\Articles\index.php(11): CodeIgniter\Debug\Exceptions->errorHandler(2, 'Undefined array key "t"', 'C:\\xampp\\htdocs\\ci4\\app\\Views\\Articles\\index.php', 11)
 2 SYSTEMPATH\View\View.php(226): include('C:\\xampp\\htdocs\\ci4\\app\\Views\\Articles\\index.php')
 3 SYSTEMPATH\View\View.php(229): CodeIgniter\View\View->CodeIgniter\View\{closure}()
 4 SYSTEMPATH\Common.php(1178): CodeIgniter\View\View->render('Articles/index', [], true)
 5 APPPATH\Controllers\Articles.php(13): view('Articles/index', [...])
 6 SYSTEMPATH\CodeIgniter.php(915): App\Controllers\Articles->index()
 7 SYSTEMPATH\CodeIgniter.php(492): CodeIgniter\CodeIgniter->runController(Object(App\Controllers\Articles))
 8 SYSTEMPATH\CodeIgniter.php(353): CodeIgniter\CodeIgniter->handleRequest(null, Object(Config\Cache), false)
 9 FCPATH\index.php(79): CodeIgniter\CodeIgniter->run()
CRITICAL - 2023-10-10 10:44:28 --> Too few arguments to function App\Controllers\Articles::show(), 0 passed in C:\xampp\htdocs\ci4\system\CodeIgniter.php on line 915 and exactly 1 expected
in APPPATH\Controllers\Articles.php on line 18.
 1 SYSTEMPATH\CodeIgniter.php(915): App\Controllers\Articles->show()
 2 SYSTEMPATH\CodeIgniter.php(492): CodeIgniter\CodeIgniter->runController(Object(App\Controllers\Articles))
 3 SYSTEMPATH\CodeIgniter.php(353): CodeIgniter\CodeIgniter->handleRequest(null, Object(Config\Cache), false)
 4 FCPATH\index.php(79): CodeIgniter\CodeIgniter->run()
CRITICAL - 2023-10-10 10:53:40 --> Undefined variable $article
in APPPATH\Views\Articles\show.php on line 7.
 1 APPPATH\Views\Articles\show.php(7): CodeIgniter\Debug\Exceptions->errorHandler(2, 'Undefined variable $article', 'C:\\xampp\\htdocs\\ci4\\app\\Views\\Articles\\show.php', 7)
 2 SYSTEMPATH\View\View.php(226): include('C:\\xampp\\htdocs\\ci4\\app\\Views\\Articles\\show.php')
 3 SYSTEMPATH\View\View.php(229): CodeIgniter\View\View->CodeIgniter\View\{closure}()
 4 SYSTEMPATH\Common.php(1178): CodeIgniter\View\View->render('Articles/show', [], true)
 5 APPPATH\Controllers\Articles.php(22): view('Articles/show')
 6 SYSTEMPATH\CodeIgniter.php(915): App\Controllers\Articles->show('12')
 7 SYSTEMPATH\CodeIgniter.php(492): CodeIgniter\CodeIgniter->runController(Object(App\Controllers\Articles))
 8 SYSTEMPATH\CodeIgniter.php(353): CodeIgniter\CodeIgniter->handleRequest(null, Object(Config\Cache), false)
 9 FCPATH\index.php(79): CodeIgniter\CodeIgniter->run()
CRITICAL - 2023-10-10 10:54:02 --> Undefined variable $articles
in APPPATH\Views\Articles\show.php on line 7.
 1 APPPATH\Views\Articles\show.php(7): CodeIgniter\Debug\Exceptions->errorHandler(2, 'Undefined variable $articles', 'C:\\xampp\\htdocs\\ci4\\app\\Views\\Articles\\show.php', 7)
 2 SYSTEMPATH\View\View.php(226): include('C:\\xampp\\htdocs\\ci4\\app\\Views\\Articles\\show.php')
 3 SYSTEMPATH\View\View.php(229): CodeIgniter\View\View->CodeIgniter\View\{closure}()
 4 SYSTEMPATH\Common.php(1178): CodeIgniter\View\View->render('Articles/show', [], true)
 5 APPPATH\Controllers\Articles.php(22): view('Articles/show')
 6 SYSTEMPATH\CodeIgniter.php(915): App\Controllers\Articles->show('12')
 7 SYSTEMPATH\CodeIgniter.php(492): CodeIgniter\CodeIgniter->runController(Object(App\Controllers\Articles))
 8 SYSTEMPATH\CodeIgniter.php(353): CodeIgniter\CodeIgniter->handleRequest(null, Object(Config\Cache), false)
 9 FCPATH\index.php(79): CodeIgniter\CodeIgniter->run()
CRITICAL - 2023-10-10 10:54:05 --> Undefined variable $articles
in APPPATH\Views\Articles\show.php on line 7.
 1 APPPATH\Views\Articles\show.php(7): CodeIgniter\Debug\Exceptions->errorHandler(2, 'Undefined variable $articles', 'C:\\xampp\\htdocs\\ci4\\app\\Views\\Articles\\show.php', 7)
 2 SYSTEMPATH\View\View.php(226): include('C:\\xampp\\htdocs\\ci4\\app\\Views\\Articles\\show.php')
 3 SYSTEMPATH\View\View.php(229): CodeIgniter\View\View->CodeIgniter\View\{closure}()
 4 SYSTEMPATH\Common.php(1178): CodeIgniter\View\View->render('Articles/show', [], true)
 5 APPPATH\Controllers\Articles.php(22): view('Articles/show')
 6 SYSTEMPATH\CodeIgniter.php(915): App\Controllers\Articles->show('12')
 7 SYSTEMPATH\CodeIgniter.php(492): CodeIgniter\CodeIgniter->runController(Object(App\Controllers\Articles))
 8 SYSTEMPATH\CodeIgniter.php(353): CodeIgniter\CodeIgniter->handleRequest(null, Object(Config\Cache), false)
 9 FCPATH\index.php(79): CodeIgniter\CodeIgniter->run()
CRITICAL - 2023-10-10 10:56:26 --> Trying to access array offset on value of type null
in APPPATH\Views\Articles\show.php on line 7.
 1 APPPATH\Views\Articles\show.php(7): CodeIgniter\Debug\Exceptions->errorHandler(2, 'Trying to access array offset on value of type null', 'C:\\xampp\\htdocs\\ci4\\app\\Views\\Articles\\show.php', 7)
 2 SYSTEMPATH\View\View.php(226): include('C:\\xampp\\htdocs\\ci4\\app\\Views\\Articles\\show.php')
 3 SYSTEMPATH\View\View.php(229): CodeIgniter\View\View->CodeIgniter\View\{closure}()
 4 SYSTEMPATH\Common.php(1178): CodeIgniter\View\View->render('Articles/show', [], true)
 5 APPPATH\Controllers\Articles.php(22): view('Articles/show', [...])
 6 SYSTEMPATH\CodeIgniter.php(915): App\Controllers\Articles->show('12')
 7 SYSTEMPATH\CodeIgniter.php(492): CodeIgniter\CodeIgniter->runController(Object(App\Controllers\Articles))
 8 SYSTEMPATH\CodeIgniter.php(353): CodeIgniter\CodeIgniter->handleRequest(null, Object(Config\Cache), false)
 9 FCPATH\index.php(79): CodeIgniter\CodeIgniter->run()
CRITICAL - 2023-10-10 10:56:27 --> Trying to access array offset on value of type null
in APPPATH\Views\Articles\show.php on line 7.
 1 APPPATH\Views\Articles\show.php(7): CodeIgniter\Debug\Exceptions->errorHandler(2, 'Trying to access array offset on value of type null', 'C:\\xampp\\htdocs\\ci4\\app\\Views\\Articles\\show.php', 7)
 2 SYSTEMPATH\View\View.php(226): include('C:\\xampp\\htdocs\\ci4\\app\\Views\\Articles\\show.php')
 3 SYSTEMPATH\View\View.php(229): CodeIgniter\View\View->CodeIgniter\View\{closure}()
 4 SYSTEMPATH\Common.php(1178): CodeIgniter\View\View->render('Articles/show', [], true)
 5 APPPATH\Controllers\Articles.php(22): view('Articles/show', [...])
 6 SYSTEMPATH\CodeIgniter.php(915): App\Controllers\Articles->show('12')
 7 SYSTEMPATH\CodeIgniter.php(492): CodeIgniter\CodeIgniter->runController(Object(App\Controllers\Articles))
 8 SYSTEMPATH\CodeIgniter.php(353): CodeIgniter\CodeIgniter->handleRequest(null, Object(Config\Cache), false)
 9 FCPATH\index.php(79): CodeIgniter\CodeIgniter->run()
CRITICAL - 2023-10-10 10:56:35 --> Trying to access array offset on value of type null
in APPPATH\Views\Articles\show.php on line 7.
 1 APPPATH\Views\Articles\show.php(7): CodeIgniter\Debug\Exceptions->errorHandler(2, 'Trying to access array offset on value of type null', 'C:\\xampp\\htdocs\\ci4\\app\\Views\\Articles\\show.php', 7)
 2 SYSTEMPATH\View\View.php(226): include('C:\\xampp\\htdocs\\ci4\\app\\Views\\Articles\\show.php')
 3 SYSTEMPATH\View\View.php(229): CodeIgniter\View\View->CodeIgniter\View\{closure}()
 4 SYSTEMPATH\Common.php(1178): CodeIgniter\View\View->render('Articles/show', [], true)
 5 APPPATH\Controllers\Articles.php(22): view('Articles/show', [...])
 6 SYSTEMPATH\CodeIgniter.php(915): App\Controllers\Articles->show('12')
 7 SYSTEMPATH\CodeIgniter.php(492): CodeIgniter\CodeIgniter->runController(Object(App\Controllers\Articles))
 8 SYSTEMPATH\CodeIgniter.php(353): CodeIgniter\CodeIgniter->handleRequest(null, Object(Config\Cache), false)
 9 FCPATH\index.php(79): CodeIgniter\CodeIgniter->run()
CRITICAL - 2023-10-10 10:57:52 --> Trying to access array offset on value of type null
in APPPATH\Views\Articles\show.php on line 7.
 1 APPPATH\Views\Articles\show.php(7): CodeIgniter\Debug\Exceptions->errorHandler(2, 'Trying to access array offset on value of type null', 'C:\\xampp\\htdocs\\ci4\\app\\Views\\Articles\\show.php', 7)
 2 SYSTEMPATH\View\View.php(226): include('C:\\xampp\\htdocs\\ci4\\app\\Views\\Articles\\show.php')
 3 SYSTEMPATH\View\View.php(229): CodeIgniter\View\View->CodeIgniter\View\{closure}()
 4 SYSTEMPATH\Common.php(1178): CodeIgniter\View\View->render('Articles/show', [], true)
 5 APPPATH\Controllers\Articles.php(22): view('Articles/show', [...])
 6 SYSTEMPATH\CodeIgniter.php(915): App\Controllers\Articles->show('12')
 7 SYSTEMPATH\CodeIgniter.php(492): CodeIgniter\CodeIgniter->runController(Object(App\Controllers\Articles))
 8 SYSTEMPATH\CodeIgniter.php(353): CodeIgniter\CodeIgniter->handleRequest(null, Object(Config\Cache), false)
 9 FCPATH\index.php(79): CodeIgniter\CodeIgniter->run()
CRITICAL - 2023-10-10 10:59:42 --> Trying to access array offset on value of type null
in APPPATH\Views\Articles\show.php on line 7.
 1 APPPATH\Views\Articles\show.php(7): CodeIgniter\Debug\Exceptions->errorHandler(2, 'Trying to access array offset on value of type null', 'C:\\xampp\\htdocs\\ci4\\app\\Views\\Articles\\show.php', 7)
 2 SYSTEMPATH\View\View.php(226): include('C:\\xampp\\htdocs\\ci4\\app\\Views\\Articles\\show.php')
 3 SYSTEMPATH\View\View.php(229): CodeIgniter\View\View->CodeIgniter\View\{closure}()
 4 SYSTEMPATH\Common.php(1178): CodeIgniter\View\View->render('Articles/show', [], true)
 5 APPPATH\Controllers\Articles.php(22): view('Articles/show', [...])
 6 SYSTEMPATH\CodeIgniter.php(915): App\Controllers\Articles->show('12')
 7 SYSTEMPATH\CodeIgniter.php(492): CodeIgniter\CodeIgniter->runController(Object(App\Controllers\Articles))
 8 SYSTEMPATH\CodeIgniter.php(353): CodeIgniter\CodeIgniter->handleRequest(null, Object(Config\Cache), false)
 9 FCPATH\index.php(79): CodeIgniter\CodeIgniter->run()
CRITICAL - 2023-10-10 10:59:59 --> Trying to access array offset on value of type null
in APPPATH\Views\Articles\show.php on line 7.
 1 APPPATH\Views\Articles\show.php(7): CodeIgniter\Debug\Exceptions->errorHandler(2, 'Trying to access array offset on value of type null', 'C:\\xampp\\htdocs\\ci4\\app\\Views\\Articles\\show.php', 7)
 2 SYSTEMPATH\View\View.php(226): include('C:\\xampp\\htdocs\\ci4\\app\\Views\\Articles\\show.php')
 3 SYSTEMPATH\View\View.php(229): CodeIgniter\View\View->CodeIgniter\View\{closure}()
 4 SYSTEMPATH\Common.php(1178): CodeIgniter\View\View->render('Articles/show', [], true)
 5 APPPATH\Controllers\Articles.php(22): view('Articles/show', [...])
 6 SYSTEMPATH\CodeIgniter.php(915): App\Controllers\Articles->show('12')
 7 SYSTEMPATH\CodeIgniter.php(492): CodeIgniter\CodeIgniter->runController(Object(App\Controllers\Articles))
 8 SYSTEMPATH\CodeIgniter.php(353): CodeIgniter\CodeIgniter->handleRequest(null, Object(Config\Cache), false)
 9 FCPATH\index.php(79): CodeIgniter\CodeIgniter->run()
CRITICAL - 2023-10-10 11:00:43 --> Undefined variable $article
in APPPATH\Views\Articles\show.php on line 7.
 1 APPPATH\Views\Articles\show.php(7): CodeIgniter\Debug\Exceptions->errorHandler(2, 'Undefined variable $article', 'C:\\xampp\\htdocs\\ci4\\app\\Views\\Articles\\show.php', 7)
 2 SYSTEMPATH\View\View.php(226): include('C:\\xampp\\htdocs\\ci4\\app\\Views\\Articles\\show.php')
 3 SYSTEMPATH\View\View.php(229): CodeIgniter\View\View->CodeIgniter\View\{closure}()
 4 SYSTEMPATH\Common.php(1178): CodeIgniter\View\View->render('Articles/show', [], true)
 5 APPPATH\Controllers\Articles.php(22): view('Articles/show', [...])
 6 SYSTEMPATH\CodeIgniter.php(915): App\Controllers\Articles->show('12')
 7 SYSTEMPATH\CodeIgniter.php(492): CodeIgniter\CodeIgniter->runController(Object(App\Controllers\Articles))
 8 SYSTEMPATH\CodeIgniter.php(353): CodeIgniter\CodeIgniter->handleRequest(null, Object(Config\Cache), false)
 9 FCPATH\index.php(79): CodeIgniter\CodeIgniter->run()
CRITICAL - 2023-10-10 11:00:44 --> Undefined variable $article
in APPPATH\Views\Articles\show.php on line 7.
 1 APPPATH\Views\Articles\show.php(7): CodeIgniter\Debug\Exceptions->errorHandler(2, 'Undefined variable $article', 'C:\\xampp\\htdocs\\ci4\\app\\Views\\Articles\\show.php', 7)
 2 SYSTEMPATH\View\View.php(226): include('C:\\xampp\\htdocs\\ci4\\app\\Views\\Articles\\show.php')
 3 SYSTEMPATH\View\View.php(229): CodeIgniter\View\View->CodeIgniter\View\{closure}()
 4 SYSTEMPATH\Common.php(1178): CodeIgniter\View\View->render('Articles/show', [], true)
 5 APPPATH\Controllers\Articles.php(22): view('Articles/show', [...])
 6 SYSTEMPATH\CodeIgniter.php(915): App\Controllers\Articles->show('12')
 7 SYSTEMPATH\CodeIgniter.php(492): CodeIgniter\CodeIgniter->runController(Object(App\Controllers\Articles))
 8 SYSTEMPATH\CodeIgniter.php(353): CodeIgniter\CodeIgniter->handleRequest(null, Object(Config\Cache), false)
 9 FCPATH\index.php(79): CodeIgniter\CodeIgniter->run()
CRITICAL - 2023-10-10 11:00:55 --> Trying to access array offset on value of type null
in APPPATH\Views\Articles\show.php on line 7.
 1 APPPATH\Views\Articles\show.php(7): CodeIgniter\Debug\Exceptions->errorHandler(2, 'Trying to access array offset on value of type null', 'C:\\xampp\\htdocs\\ci4\\app\\Views\\Articles\\show.php', 7)
 2 SYSTEMPATH\View\View.php(226): include('C:\\xampp\\htdocs\\ci4\\app\\Views\\Articles\\show.php')
 3 SYSTEMPATH\View\View.php(229): CodeIgniter\View\View->CodeIgniter\View\{closure}()
 4 SYSTEMPATH\Common.php(1178): CodeIgniter\View\View->render('Articles/show', [], true)
 5 APPPATH\Controllers\Articles.php(22): view('Articles/show', [...])
 6 SYSTEMPATH\CodeIgniter.php(915): App\Controllers\Articles->show('12')
 7 SYSTEMPATH\CodeIgniter.php(492): CodeIgniter\CodeIgniter->runController(Object(App\Controllers\Articles))
 8 SYSTEMPATH\CodeIgniter.php(353): CodeIgniter\CodeIgniter->handleRequest(null, Object(Config\Cache), false)
 9 FCPATH\index.php(79): CodeIgniter\CodeIgniter->run()
CRITICAL - 2023-10-10 11:01:02 --> Trying to access array offset on value of type null
in APPPATH\Views\Articles\show.php on line 7.
 1 APPPATH\Views\Articles\show.php(7): CodeIgniter\Debug\Exceptions->errorHandler(2, 'Trying to access array offset on value of type null', 'C:\\xampp\\htdocs\\ci4\\app\\Views\\Articles\\show.php', 7)
 2 SYSTEMPATH\View\View.php(226): include('C:\\xampp\\htdocs\\ci4\\app\\Views\\Articles\\show.php')
 3 SYSTEMPATH\View\View.php(229): CodeIgniter\View\View->CodeIgniter\View\{closure}()
 4 SYSTEMPATH\Common.php(1178): CodeIgniter\View\View->render('Articles/show', [], true)
 5 APPPATH\Controllers\Articles.php(22): view('Articles/show', [...])
 6 SYSTEMPATH\CodeIgniter.php(915): App\Controllers\Articles->show('22')
 7 SYSTEMPATH\CodeIgniter.php(492): CodeIgniter\CodeIgniter->runController(Object(App\Controllers\Articles))
 8 SYSTEMPATH\CodeIgniter.php(353): CodeIgniter\CodeIgniter->handleRequest(null, Object(Config\Cache), false)
 9 FCPATH\index.php(79): CodeIgniter\CodeIgniter->run()
CRITICAL - 2023-10-10 11:01:05 --> Trying to access array offset on value of type null
in APPPATH\Views\Articles\show.php on line 7.
 1 APPPATH\Views\Articles\show.php(7): CodeIgniter\Debug\Exceptions->errorHandler(2, 'Trying to access array offset on value of type null', 'C:\\xampp\\htdocs\\ci4\\app\\Views\\Articles\\show.php', 7)
 2 SYSTEMPATH\View\View.php(226): include('C:\\xampp\\htdocs\\ci4\\app\\Views\\Articles\\show.php')
 3 SYSTEMPATH\View\View.php(229): CodeIgniter\View\View->CodeIgniter\View\{closure}()
 4 SYSTEMPATH\Common.php(1178): CodeIgniter\View\View->render('Articles/show', [], true)
 5 APPPATH\Controllers\Articles.php(22): view('Articles/show', [...])
 6 SYSTEMPATH\CodeIgniter.php(915): App\Controllers\Articles->show('22')
 7 SYSTEMPATH\CodeIgniter.php(492): CodeIgniter\CodeIgniter->runController(Object(App\Controllers\Articles))
 8 SYSTEMPATH\CodeIgniter.php(353): CodeIgniter\CodeIgniter->handleRequest(null, Object(Config\Cache), false)
 9 FCPATH\index.php(79): CodeIgniter\CodeIgniter->run()
CRITICAL - 2023-10-10 11:02:40 --> Trying to access array offset on value of type null
in APPPATH\Views\Articles\show.php on line 7.
 1 APPPATH\Views\Articles\show.php(7): CodeIgniter\Debug\Exceptions->errorHandler(2, 'Trying to access array offset on value of type null', 'C:\\xampp\\htdocs\\ci4\\app\\Views\\Articles\\show.php', 7)
 2 SYSTEMPATH\View\View.php(226): include('C:\\xampp\\htdocs\\ci4\\app\\Views\\Articles\\show.php')
 3 SYSTEMPATH\View\View.php(229): CodeIgniter\View\View->CodeIgniter\View\{closure}()
 4 SYSTEMPATH\Common.php(1178): CodeIgniter\View\View->render('Articles/show', [], true)
 5 APPPATH\Controllers\Articles.php(22): view('Articles/show', [...])
 6 SYSTEMPATH\CodeIgniter.php(915): App\Controllers\Articles->show('22')
 7 SYSTEMPATH\CodeIgniter.php(492): CodeIgniter\CodeIgniter->runController(Object(App\Controllers\Articles))
 8 SYSTEMPATH\CodeIgniter.php(353): CodeIgniter\CodeIgniter->handleRequest(null, Object(Config\Cache), false)
 9 FCPATH\index.php(79): CodeIgniter\CodeIgniter->run()
CRITICAL - 2023-10-10 11:02:41 --> Trying to access array offset on value of type null
in APPPATH\Views\Articles\show.php on line 7.
 1 APPPATH\Views\Articles\show.php(7): CodeIgniter\Debug\Exceptions->errorHandler(2, 'Trying to access array offset on value of type null', 'C:\\xampp\\htdocs\\ci4\\app\\Views\\Articles\\show.php', 7)
 2 SYSTEMPATH\View\View.php(226): include('C:\\xampp\\htdocs\\ci4\\app\\Views\\Articles\\show.php')
 3 SYSTEMPATH\View\View.php(229): CodeIgniter\View\View->CodeIgniter\View\{closure}()
 4 SYSTEMPATH\Common.php(1178): CodeIgniter\View\View->render('Articles/show', [], true)
 5 APPPATH\Controllers\Articles.php(22): view('Articles/show', [...])
 6 SYSTEMPATH\CodeIgniter.php(915): App\Controllers\Articles->show('22')
 7 SYSTEMPATH\CodeIgniter.php(492): CodeIgniter\CodeIgniter->runController(Object(App\Controllers\Articles))
 8 SYSTEMPATH\CodeIgniter.php(353): CodeIgniter\CodeIgniter->handleRequest(null, Object(Config\Cache), false)
 9 FCPATH\index.php(79): CodeIgniter\CodeIgniter->run()
CRITICAL - 2023-10-10 11:02:43 --> Trying to access array offset on value of type null
in APPPATH\Views\Articles\show.php on line 7.
 1 APPPATH\Views\Articles\show.php(7): CodeIgniter\Debug\Exceptions->errorHandler(2, 'Trying to access array offset on value of type null', 'C:\\xampp\\htdocs\\ci4\\app\\Views\\Articles\\show.php', 7)
 2 SYSTEMPATH\View\View.php(226): include('C:\\xampp\\htdocs\\ci4\\app\\Views\\Articles\\show.php')
 3 SYSTEMPATH\View\View.php(229): CodeIgniter\View\View->CodeIgniter\View\{closure}()
 4 SYSTEMPATH\Common.php(1178): CodeIgniter\View\View->render('Articles/show', [], true)
 5 APPPATH\Controllers\Articles.php(22): view('Articles/show', [...])
 6 SYSTEMPATH\CodeIgniter.php(915): App\Controllers\Articles->show('22')
 7 SYSTEMPATH\CodeIgniter.php(492): CodeIgniter\CodeIgniter->runController(Object(App\Controllers\Articles))
 8 SYSTEMPATH\CodeIgniter.php(353): CodeIgniter\CodeIgniter->handleRequest(null, Object(Config\Cache), false)
 9 FCPATH\index.php(79): CodeIgniter\CodeIgniter->run()
CRITICAL - 2023-10-10 11:02:44 --> Trying to access array offset on value of type null
in APPPATH\Views\Articles\show.php on line 7.
 1 APPPATH\Views\Articles\show.php(7): CodeIgniter\Debug\Exceptions->errorHandler(2, 'Trying to access array offset on value of type null', 'C:\\xampp\\htdocs\\ci4\\app\\Views\\Articles\\show.php', 7)
 2 SYSTEMPATH\View\View.php(226): include('C:\\xampp\\htdocs\\ci4\\app\\Views\\Articles\\show.php')
 3 SYSTEMPATH\View\View.php(229): CodeIgniter\View\View->CodeIgniter\View\{closure}()
 4 SYSTEMPATH\Common.php(1178): CodeIgniter\View\View->render('Articles/show', [], true)
 5 APPPATH\Controllers\Articles.php(22): view('Articles/show', [...])
 6 SYSTEMPATH\CodeIgniter.php(915): App\Controllers\Articles->show('22')
 7 SYSTEMPATH\CodeIgniter.php(492): CodeIgniter\CodeIgniter->runController(Object(App\Controllers\Articles))
 8 SYSTEMPATH\CodeIgniter.php(353): CodeIgniter\CodeIgniter->handleRequest(null, Object(Config\Cache), false)
 9 FCPATH\index.php(79): CodeIgniter\CodeIgniter->run()
CRITICAL - 2023-10-10 11:04:01 --> Trying to access array offset on value of type null
in APPPATH\Views\Articles\show.php on line 7.
 1 APPPATH\Views\Articles\show.php(7): CodeIgniter\Debug\Exceptions->errorHandler(2, 'Trying to access array offset on value of type null', 'C:\\xampp\\htdocs\\ci4\\app\\Views\\Articles\\show.php', 7)
 2 SYSTEMPATH\View\View.php(226): include('C:\\xampp\\htdocs\\ci4\\app\\Views\\Articles\\show.php')
 3 SYSTEMPATH\View\View.php(229): CodeIgniter\View\View->CodeIgniter\View\{closure}()
 4 SYSTEMPATH\Common.php(1178): CodeIgniter\View\View->render('Articles/show', [], true)
 5 APPPATH\Controllers\Articles.php(22): view('Articles/show', [...])
 6 SYSTEMPATH\CodeIgniter.php(915): App\Controllers\Articles->show('22')
 7 SYSTEMPATH\CodeIgniter.php(492): CodeIgniter\CodeIgniter->runController(Object(App\Controllers\Articles))
 8 SYSTEMPATH\CodeIgniter.php(353): CodeIgniter\CodeIgniter->handleRequest(null, Object(Config\Cache), false)
 9 FCPATH\index.php(79): CodeIgniter\CodeIgniter->run()
CRITICAL - 2023-10-10 11:07:01 --> Trying to access array offset on value of type null
in APPPATH\Views\Articles\show.php on line 7.
 1 APPPATH\Views\Articles\show.php(7): CodeIgniter\Debug\Exceptions->errorHandler(2, 'Trying to access array offset on value of type null', 'C:\\xampp\\htdocs\\ci4\\app\\Views\\Articles\\show.php', 7)
 2 SYSTEMPATH\View\View.php(226): include('C:\\xampp\\htdocs\\ci4\\app\\Views\\Articles\\show.php')
 3 SYSTEMPATH\View\View.php(229): CodeIgniter\View\View->CodeIgniter\View\{closure}()
 4 SYSTEMPATH\Common.php(1178): CodeIgniter\View\View->render('Articles/show', [], true)
 5 APPPATH\Controllers\Articles.php(22): view('Articles/show', [...])
 6 SYSTEMPATH\CodeIgniter.php(915): App\Controllers\Articles->show('22')
 7 SYSTEMPATH\CodeIgniter.php(492): CodeIgniter\CodeIgniter->runController(Object(App\Controllers\Articles))
 8 SYSTEMPATH\CodeIgniter.php(353): CodeIgniter\CodeIgniter->handleRequest(null, Object(Config\Cache), false)
 9 FCPATH\index.php(79): CodeIgniter\CodeIgniter->run()
CRITICAL - 2023-10-10 11:07:34 --> Trying to access array offset on value of type null
in APPPATH\Views\Articles\show.php on line 7.
 1 APPPATH\Views\Articles\show.php(7): CodeIgniter\Debug\Exceptions->errorHandler(2, 'Trying to access array offset on value of type null', 'C:\\xampp\\htdocs\\ci4\\app\\Views\\Articles\\show.php', 7)
 2 SYSTEMPATH\View\View.php(226): include('C:\\xampp\\htdocs\\ci4\\app\\Views\\Articles\\show.php')
 3 SYSTEMPATH\View\View.php(229): CodeIgniter\View\View->CodeIgniter\View\{closure}()
 4 SYSTEMPATH\Common.php(1178): CodeIgniter\View\View->render('Articles/show', [], true)
 5 APPPATH\Controllers\Articles.php(22): view('Articles/show', [...])
 6 SYSTEMPATH\CodeIgniter.php(915): App\Controllers\Articles->show('22')
 7 SYSTEMPATH\CodeIgniter.php(492): CodeIgniter\CodeIgniter->runController(Object(App\Controllers\Articles))
 8 SYSTEMPATH\CodeIgniter.php(353): CodeIgniter\CodeIgniter->handleRequest(null, Object(Config\Cache), false)
 9 FCPATH\index.php(79): CodeIgniter\CodeIgniter->run()
CRITICAL - 2023-10-10 11:09:01 --> Undefined variable $articles
in APPPATH\Views\Articles\show.php on line 7.
 1 APPPATH\Views\Articles\show.php(7): CodeIgniter\Debug\Exceptions->errorHandler(2, 'Undefined variable $articles', 'C:\\xampp\\htdocs\\ci4\\app\\Views\\Articles\\show.php', 7)
 2 SYSTEMPATH\View\View.php(226): include('C:\\xampp\\htdocs\\ci4\\app\\Views\\Articles\\show.php')
 3 SYSTEMPATH\View\View.php(229): CodeIgniter\View\View->CodeIgniter\View\{closure}()
 4 SYSTEMPATH\Common.php(1178): CodeIgniter\View\View->render('Articles/show', [], true)
 5 APPPATH\Controllers\Articles.php(22): view('Articles/show', [...])
 6 SYSTEMPATH\CodeIgniter.php(915): App\Controllers\Articles->show('22')
 7 SYSTEMPATH\CodeIgniter.php(492): CodeIgniter\CodeIgniter->runController(Object(App\Controllers\Articles))
 8 SYSTEMPATH\CodeIgniter.php(353): CodeIgniter\CodeIgniter->handleRequest(null, Object(Config\Cache), false)
 9 FCPATH\index.php(79): CodeIgniter\CodeIgniter->run()
CRITICAL - 2023-10-10 11:09:18 --> Trying to access array offset on value of type null
in APPPATH\Views\Articles\show.php on line 7.
 1 APPPATH\Views\Articles\show.php(7): CodeIgniter\Debug\Exceptions->errorHandler(2, 'Trying to access array offset on value of type null', 'C:\\xampp\\htdocs\\ci4\\app\\Views\\Articles\\show.php', 7)
 2 SYSTEMPATH\View\View.php(226): include('C:\\xampp\\htdocs\\ci4\\app\\Views\\Articles\\show.php')
 3 SYSTEMPATH\View\View.php(229): CodeIgniter\View\View->CodeIgniter\View\{closure}()
 4 SYSTEMPATH\Common.php(1178): CodeIgniter\View\View->render('Articles/show', [], true)
 5 APPPATH\Controllers\Articles.php(22): view('Articles/show', [...])
 6 SYSTEMPATH\CodeIgniter.php(915): App\Controllers\Articles->show('22')
 7 SYSTEMPATH\CodeIgniter.php(492): CodeIgniter\CodeIgniter->runController(Object(App\Controllers\Articles))
 8 SYSTEMPATH\CodeIgniter.php(353): CodeIgniter\CodeIgniter->handleRequest(null, Object(Config\Cache), false)
 9 FCPATH\index.php(79): CodeIgniter\CodeIgniter->run()
CRITICAL - 2023-10-10 11:09:22 --> Trying to access array offset on value of type null
in APPPATH\Views\Articles\show.php on line 7.
 1 APPPATH\Views\Articles\show.php(7): CodeIgniter\Debug\Exceptions->errorHandler(2, 'Trying to access array offset on value of type null', 'C:\\xampp\\htdocs\\ci4\\app\\Views\\Articles\\show.php', 7)
 2 SYSTEMPATH\View\View.php(226): include('C:\\xampp\\htdocs\\ci4\\app\\Views\\Articles\\show.php')
 3 SYSTEMPATH\View\View.php(229): CodeIgniter\View\View->CodeIgniter\View\{closure}()
 4 SYSTEMPATH\Common.php(1178): CodeIgniter\View\View->render('Articles/show', [], true)
 5 APPPATH\Controllers\Articles.php(22): view('Articles/show', [...])
 6 SYSTEMPATH\CodeIgniter.php(915): App\Controllers\Articles->show('22')
 7 SYSTEMPATH\CodeIgniter.php(492): CodeIgniter\CodeIgniter->runController(Object(App\Controllers\Articles))
 8 SYSTEMPATH\CodeIgniter.php(353): CodeIgniter\CodeIgniter->handleRequest(null, Object(Config\Cache), false)
 9 FCPATH\index.php(79): CodeIgniter\CodeIgniter->run()
CRITICAL - 2023-10-10 11:09:42 --> Trying to access array offset on value of type null
in APPPATH\Views\Articles\show.php on line 6.
 1 APPPATH\Views\Articles\show.php(6): CodeIgniter\Debug\Exceptions->errorHandler(2, 'Trying to access array offset on value of type null', 'C:\\xampp\\htdocs\\ci4\\app\\Views\\Articles\\show.php', 6)
 2 SYSTEMPATH\View\View.php(226): include('C:\\xampp\\htdocs\\ci4\\app\\Views\\Articles\\show.php')
 3 SYSTEMPATH\View\View.php(229): CodeIgniter\View\View->CodeIgniter\View\{closure}()
 4 SYSTEMPATH\Common.php(1178): CodeIgniter\View\View->render('Articles/show', [], true)
 5 APPPATH\Controllers\Articles.php(22): view('Articles/show', [...])
 6 SYSTEMPATH\CodeIgniter.php(915): App\Controllers\Articles->show('22')
 7 SYSTEMPATH\CodeIgniter.php(492): CodeIgniter\CodeIgniter->runController(Object(App\Controllers\Articles))
 8 SYSTEMPATH\CodeIgniter.php(353): CodeIgniter\CodeIgniter->handleRequest(null, Object(Config\Cache), false)
 9 FCPATH\index.php(79): CodeIgniter\CodeIgniter->run()
CRITICAL - 2023-10-10 11:10:41 --> Undefined variable $article
in APPPATH\Views\Articles\show.php on line 7.
 1 APPPATH\Views\Articles\show.php(7): CodeIgniter\Debug\Exceptions->errorHandler(2, 'Undefined variable $article', 'C:\\xampp\\htdocs\\ci4\\app\\Views\\Articles\\show.php', 7)
 2 SYSTEMPATH\View\View.php(226): include('C:\\xampp\\htdocs\\ci4\\app\\Views\\Articles\\show.php')
 3 SYSTEMPATH\View\View.php(229): CodeIgniter\View\View->CodeIgniter\View\{closure}()
 4 SYSTEMPATH\Common.php(1178): CodeIgniter\View\View->render('Articles/show', [], true)
 5 APPPATH\Controllers\Articles.php(22): view('Articles/show', [...])
 6 SYSTEMPATH\CodeIgniter.php(915): App\Controllers\Articles->show('22')
 7 SYSTEMPATH\CodeIgniter.php(492): CodeIgniter\CodeIgniter->runController(Object(App\Controllers\Articles))
 8 SYSTEMPATH\CodeIgniter.php(353): CodeIgniter\CodeIgniter->handleRequest(null, Object(Config\Cache), false)
 9 FCPATH\index.php(79): CodeIgniter\CodeIgniter->run()
CRITICAL - 2023-10-10 11:10:43 --> Undefined variable $article
in APPPATH\Views\Articles\show.php on line 7.
 1 APPPATH\Views\Articles\show.php(7): CodeIgniter\Debug\Exceptions->errorHandler(2, 'Undefined variable $article', 'C:\\xampp\\htdocs\\ci4\\app\\Views\\Articles\\show.php', 7)
 2 SYSTEMPATH\View\View.php(226): include('C:\\xampp\\htdocs\\ci4\\app\\Views\\Articles\\show.php')
 3 SYSTEMPATH\View\View.php(229): CodeIgniter\View\View->CodeIgniter\View\{closure}()
 4 SYSTEMPATH\Common.php(1178): CodeIgniter\View\View->render('Articles/show', [], true)
 5 APPPATH\Controllers\Articles.php(22): view('Articles/show', [...])
 6 SYSTEMPATH\CodeIgniter.php(915): App\Controllers\Articles->show('22')
 7 SYSTEMPATH\CodeIgniter.php(492): CodeIgniter\CodeIgniter->runController(Object(App\Controllers\Articles))
 8 SYSTEMPATH\CodeIgniter.php(353): CodeIgniter\CodeIgniter->handleRequest(null, Object(Config\Cache), false)
 9 FCPATH\index.php(79): CodeIgniter\CodeIgniter->run()
CRITICAL - 2023-10-10 11:10:55 --> Trying to access array offset on value of type null
in APPPATH\Views\Articles\show.php on line 7.
 1 APPPATH\Views\Articles\show.php(7): CodeIgniter\Debug\Exceptions->errorHandler(2, 'Trying to access array offset on value of type null', 'C:\\xampp\\htdocs\\ci4\\app\\Views\\Articles\\show.php', 7)
 2 SYSTEMPATH\View\View.php(226): include('C:\\xampp\\htdocs\\ci4\\app\\Views\\Articles\\show.php')
 3 SYSTEMPATH\View\View.php(229): CodeIgniter\View\View->CodeIgniter\View\{closure}()
 4 SYSTEMPATH\Common.php(1178): CodeIgniter\View\View->render('Articles/show', [], true)
 5 APPPATH\Controllers\Articles.php(22): view('Articles/show', [...])
 6 SYSTEMPATH\CodeIgniter.php(915): App\Controllers\Articles->show('22')
 7 SYSTEMPATH\CodeIgniter.php(492): CodeIgniter\CodeIgniter->runController(Object(App\Controllers\Articles))
 8 SYSTEMPATH\CodeIgniter.php(353): CodeIgniter\CodeIgniter->handleRequest(null, Object(Config\Cache), false)
 9 FCPATH\index.php(79): CodeIgniter\CodeIgniter->run()
CRITICAL - 2023-10-10 11:54:18 --> Undefined variable $article
in APPPATH\Views\Articles\index.php on line 11.
 1 APPPATH\Views\Articles\index.php(11): CodeIgniter\Debug\Exceptions->errorHandler(2, 'Undefined variable $article', 'C:\\xampp\\htdocs\\ci4\\app\\Views\\Articles\\index.php', 11)
 2 SYSTEMPATH\View\View.php(226): include('C:\\xampp\\htdocs\\ci4\\app\\Views\\Articles\\index.php')
 3 SYSTEMPATH\View\View.php(229): CodeIgniter\View\View->CodeIgniter\View\{closure}()
 4 SYSTEMPATH\Common.php(1178): CodeIgniter\View\View->render('Articles/index', [], true)
 5 APPPATH\Controllers\Articles.php(14): view('Articles/index', [...])
 6 SYSTEMPATH\CodeIgniter.php(915): App\Controllers\Articles->index()
 7 SYSTEMPATH\CodeIgniter.php(492): CodeIgniter\CodeIgniter->runController(Object(App\Controllers\Articles))
 8 SYSTEMPATH\CodeIgniter.php(353): CodeIgniter\CodeIgniter->handleRequest(null, Object(Config\Cache), false)
 9 FCPATH\index.php(79): CodeIgniter\CodeIgniter->run()
